# Logfile created on 2014-03-12 18:41:40 -0400 by logger.rb/41954
I, [2014-03-12T18:41:40.320241 #52806]  INFO -- : 0:  diff-lcs (1.2.5) from /Users/danielclark/.rvm/gems/ruby-2.0.0-p353/specifications/diff-lcs-1.2.5.gemspec
I, [2014-03-12T18:41:40.320578 #52806]  INFO -- : 0:  rack (1.5.2) from /Users/danielclark/.rvm/gems/ruby-2.0.0-p353/specifications/rack-1.5.2.gemspec
I, [2014-03-12T18:41:40.320884 #52806]  INFO -- : 0:  rack-protection (1.5.2) from /Users/danielclark/.rvm/gems/ruby-2.0.0-p353/specifications/rack-protection-1.5.2.gemspec
I, [2014-03-12T18:41:40.321157 #52806]  INFO -- : 0:  rspec-core (2.14.8) from /Users/danielclark/.rvm/gems/ruby-2.0.0-p353/specifications/rspec-core-2.14.8.gemspec
I, [2014-03-12T18:41:40.321406 #52806]  INFO -- : 0:  rspec-expectations (2.14.5) from /Users/danielclark/.rvm/gems/ruby-2.0.0-p353/specifications/rspec-expectations-2.14.5.gemspec
I, [2014-03-12T18:41:40.321661 #52806]  INFO -- : 0:  rspec-mocks (2.14.6) from /Users/danielclark/.rvm/gems/ruby-2.0.0-p353/specifications/rspec-mocks-2.14.6.gemspec
I, [2014-03-12T18:41:40.321907 #52806]  INFO -- : 0:  rspec (2.14.1) from /Users/danielclark/.rvm/gems/ruby-2.0.0-p353/specifications/rspec-2.14.1.gemspec
I, [2014-03-12T18:41:40.322149 #52806]  INFO -- : 0:  shotgun (0.9) from /Users/danielclark/.rvm/gems/ruby-2.0.0-p353/specifications/shotgun-0.9.gemspec
I, [2014-03-12T18:41:40.322393 #52806]  INFO -- : 0:  tilt (1.4.1) from /Users/danielclark/.rvm/gems/ruby-2.0.0-p353/specifications/tilt-1.4.1.gemspec
I, [2014-03-12T18:41:40.322633 #52806]  INFO -- : 0:  sinatra (1.4.4) from /Users/danielclark/.rvm/gems/ruby-2.0.0-p353/specifications/sinatra-1.4.4.gemspec
I, [2014-03-12T18:41:40.322866 #52806]  INFO -- : 0:  bundler (1.5.1) from /Users/danielclark/.rvm/gems/ruby-2.0.0-p353@global/specifications/bundler-1.5.1.gemspec
I, [2014-03-13T14:36:24.473685 #59640]  INFO -- : 0:  coderay (1.1.0) from /Users/danielclark/.rvm/gems/ruby-2.0.0-p353/specifications/coderay-1.1.0.gemspec
I, [2014-03-13T14:36:24.474021 #59640]  INFO -- : 0:  diff-lcs (1.2.5) from /Users/danielclark/.rvm/gems/ruby-2.0.0-p353/specifications/diff-lcs-1.2.5.gemspec
I, [2014-03-13T14:36:24.474306 #59640]  INFO -- : 0:  method_source (0.8.2) from /Users/danielclark/.rvm/gems/ruby-2.0.0-p353/specifications/method_source-0.8.2.gemspec
I, [2014-03-13T14:36:24.474564 #59640]  INFO -- : 0:  slop (3.4.7) from /Users/danielclark/.rvm/gems/ruby-2.0.0-p353/specifications/slop-3.4.7.gemspec
I, [2014-03-13T14:36:24.474815 #59640]  INFO -- : 0:  pry (0.9.12.6) from /Users/danielclark/.rvm/gems/ruby-2.0.0-p353/specifications/pry-0.9.12.6.gemspec
I, [2014-03-13T14:36:24.475066 #59640]  INFO -- : 0:  rack (1.5.2) from /Users/danielclark/.rvm/gems/ruby-2.0.0-p353/specifications/rack-1.5.2.gemspec
I, [2014-03-13T14:36:24.475312 #59640]  INFO -- : 0:  rack-protection (1.5.2) from /Users/danielclark/.rvm/gems/ruby-2.0.0-p353/specifications/rack-protection-1.5.2.gemspec
I, [2014-03-13T14:36:24.475564 #59640]  INFO -- : 0:  rspec-core (2.14.8) from /Users/danielclark/.rvm/gems/ruby-2.0.0-p353/specifications/rspec-core-2.14.8.gemspec
I, [2014-03-13T14:36:24.475799 #59640]  INFO -- : 0:  rspec-expectations (2.14.5) from /Users/danielclark/.rvm/gems/ruby-2.0.0-p353/specifications/rspec-expectations-2.14.5.gemspec
I, [2014-03-13T14:36:24.476091 #59640]  INFO -- : 0:  rspec-mocks (2.14.6) from /Users/danielclark/.rvm/gems/ruby-2.0.0-p353/specifications/rspec-mocks-2.14.6.gemspec
I, [2014-03-13T14:36:24.476362 #59640]  INFO -- : 0:  rspec (2.14.1) from /Users/danielclark/.rvm/gems/ruby-2.0.0-p353/specifications/rspec-2.14.1.gemspec
I, [2014-03-13T14:36:24.476625 #59640]  INFO -- : 0:  shotgun (0.9) from /Users/danielclark/.rvm/gems/ruby-2.0.0-p353/specifications/shotgun-0.9.gemspec
I, [2014-03-13T14:36:24.476893 #59640]  INFO -- : 0:  tilt (1.4.1) from /Users/danielclark/.rvm/gems/ruby-2.0.0-p353/specifications/tilt-1.4.1.gemspec
I, [2014-03-13T14:36:24.477137 #59640]  INFO -- : 0:  sinatra (1.4.4) from /Users/danielclark/.rvm/gems/ruby-2.0.0-p353/specifications/sinatra-1.4.4.gemspec
I, [2014-03-13T14:36:24.477382 #59640]  INFO -- : 0:  bundler (1.5.1) from /Users/danielclark/.rvm/gems/ruby-2.0.0-p353@global/specifications/bundler-1.5.1.gemspec
